Build started 5/6/2019 2:32:57 PM.
     1>Project "C:\Users\User\documents\visual studio 2010\Projects\SPO\SPO\SPO.vcxproj" on node 2 (build target(s)).
     1>InitializeBuildStatus:
         Creating "Release\SPO.unsuccessfulbuild" because "AlwaysCreate" was specified.
       ClCompile:
         C:\Program Files (x86)\Microsoft Visual Studio 10.0\VC\bin\CL.exe /c /Zi /nologo /W3 /WX- /O2 /Oi /Oy- /GL /D _MBCS /Gm- /EHsc /MD /GS /Gy /fp:precise /Zc:wchar_t /Zc:forScope /Fo"Release\\" /Fd"Release\vc100.pdb" /Gd /TP /analyze- /errorReport:prompt bullet.cpp game_helpers.cpp game_object.cpp game_renderer.cpp grid.cpp obstacle.cpp power_up.cpp
         bullet.cpp
         game_helpers.cpp
         game_object.cpp
         game_renderer.cpp
     1>game_renderer.cpp(171): warning C4018: '<' : signed/unsigned mismatch
     1>game_renderer.cpp(178): warning C4018: '<' : signed/unsigned mismatch
     1>game_renderer.cpp(184): warning C4018: '<' : signed/unsigned mismatch
     1>game_renderer.cpp(190): warning C4018: '<' : signed/unsigned mismatch
     1>game_renderer.cpp(211): warning C4018: '<' : signed/unsigned mismatch
     1>game_renderer.cpp(219): warning C4018: '<' : signed/unsigned mismatch
     1>game_renderer.cpp(227): warning C4018: '<' : signed/unsigned mismatch
     1>game_renderer.cpp(235): warning C4018: '<' : signed/unsigned mismatch
     1>game_renderer.cpp(419): warning C4018: '<' : signed/unsigned mismatch
     1>game_renderer.cpp(424): warning C4018: '<' : signed/unsigned mismatch
     1>game_renderer.cpp(429): warning C4018: '<' : signed/unsigned mismatch
     1>game_renderer.cpp(434): warning C4018: '<' : signed/unsigned mismatch
         grid.cpp
     1>grid.cpp(275): warning C4018: '<' : signed/unsigned mismatch
     1>grid.cpp(284): warning C4018: '<' : signed/unsigned mismatch
     1>grid.cpp(293): warning C4018: '<' : signed/unsigned mismatch
     1>grid.cpp(302): warning C4018: '<' : signed/unsigned mismatch
     1>grid.cpp(326): warning C4018: '<' : signed/unsigned mismatch
     1>grid.cpp(340): warning C4018: '<' : signed/unsigned mismatch
     1>grid.cpp(355): warning C4018: '<' : signed/unsigned mismatch
     1>grid.cpp(372): warning C4018: '<' : signed/unsigned mismatch
     1>grid.cpp(387): warning C4018: '<' : signed/unsigned mismatch
     1>grid.cpp(391): warning C4018: '<' : signed/unsigned mismatch
     1>grid.cpp(395): warning C4018: '<' : signed/unsigned mismatch
     1>grid.cpp(399): warning C4018: '<' : signed/unsigned mismatch
         obstacle.cpp
         power_up.cpp
       ResourceCompile:
         All outputs are up-to-date.
       Link:
         C:\Program Files (x86)\Microsoft Visual Studio 10.0\VC\bin\link.exe /ERRORREPORT:PROMPT /OUT:"C:\Users\User\documents\visual studio 2010\Projects\SPO\Release\SPO.exe" /NOLOGO SDL2.lib SDL2main.lib SDL2_image.lib SDL2_mixer.lib SDL2_ttf.lib SDL2test.lib kernel32.lib user32.lib gdi32.lib winspool.lib comdlg32.lib advapi32.lib shell32.lib ole32.lib oleaut32.lib uuid.lib odbc32.lib odbccp32.lib /MANIFEST /ManifestFile:"Release\SPO.exe.intermediate.manifest" /MANIFESTUAC:"level='asInvoker' uiAccess='false'" /DEBUG /PDB:"C:\Users\User\documents\visual studio 2010\Projects\SPO\Release\SPO.pdb" /SUBSYSTEM:WINDOWS /OPT:REF /OPT:ICF /LTCG /TLBID:1 /DYNAMICBASE /NXCOMPAT /IMPLIB:"C:\Users\User\documents\visual studio 2010\Projects\SPO\Release\SPO.lib" /MACHINE:X86 Release\SPO.res
         Release\bullet.obj
         Release\enemy.obj
         Release\game.obj
         Release\game_helpers.obj
         Release\game_object.obj
         Release\game_renderer.obj
         Release\grid.obj
         Release\main.obj
         Release\music_manager.obj
         Release\obstacle.obj
         Release\player.obj
         Release\power_up.obj
         Generating code
         Finished generating code
         SPO.vcxproj -> C:\Users\User\documents\visual studio 2010\Projects\SPO\Release\SPO.exe
       Manifest:
         C:\Program Files (x86)\Microsoft SDKs\Windows\v7.0A\bin\mt.exe /nologo /verbose /outputresource:"C:\Users\User\documents\visual studio 2010\Projects\SPO\Release\SPO.exe;#1" /manifest Release\SPO.exe.intermediate.manifest
       FinalizeBuildStatus:
         Deleting file "Release\SPO.unsuccessfulbuild".
         Touching "Release\SPO.lastbuildstate".
     1>Done Building Project "C:\Users\User\documents\visual studio 2010\Projects\SPO\SPO\SPO.vcxproj" (build target(s)).

Build succeeded.

Time Elapsed 00:00:09.02
